[debug] [2022-01-05T20:55:28.227Z] ----------------------------------------------------------------------
[debug] [2022-01-05T20:55:28.229Z] Command:       /Users/samtaylek/.nvm/versions/node/v16.6.0/bin/node /Users/samtaylek/.nvm/versions/node/v16.6.0/bin/firebase deploy
[debug] [2022-01-05T20:55:28.229Z] CLI Version:   10.0.1
[debug] [2022-01-05T20:55:28.229Z] Platform:      darwin
[debug] [2022-01-05T20:55:28.230Z] Node Version:  v16.6.0
[debug] [2022-01-05T20:55:28.230Z] Time:          Wed Jan 05 2022 21:55:28 GMT+0100 (West Africa Standard Time)
[debug] [2022-01-05T20:55:28.231Z] ----------------------------------------------------------------------
[debug] 
[debug] [2022-01-05T20:55:28.301Z] > command requires scopes: ["email","openid","https://www.googleapis.com/auth/cloudplatformprojects.readonly","https://www.googleapis.com/auth/firebase","https://www.googleapis.com/auth/cloud-platform"]
[debug] [2022-01-05T20:55:28.301Z] > authorizing via signed-in user (samtaylek@gmail.com)
[debug] [2022-01-05T20:55:28.301Z] [iam] checking project preferental-60f25 for permissions ["cloudfunctions.functions.create","cloudfunctions.functions.delete","cloudfunctions.functions.get","cloudfunctions.functions.list","cloudfunctions.functions.update","cloudfunctions.operations.get","firebase.projects.get"]
[debug] [2022-01-05T20:55:28.304Z] > refreshing access token with scopes: ["email","https://www.googleapis.com/auth/cloud-platform","https://www.googleapis.com/auth/cloudplatformprojects.readonly","https://www.googleapis.com/auth/firebase","openid"]
[debug] [2022-01-05T20:55:28.304Z] >>> HTTP REQUEST POST https://www.googleapis.com/oauth2/v3/token  
 <request body omitted>
[debug] [2022-01-05T20:55:29.756Z] <<< HTTP RESPONSE 200 {"date":"Wed, 05 Jan 2022 20:55:29 GMT","pragma":"no-cache","cache-control":"no-cache, no-store, max-age=0, must-revalidate","expires":"Mon, 01 Jan 1990 00:00:00 GMT","content-type":"application/json; charset=utf-8","vary":"X-Origin, Referer, Origin,Accept-Encoding","server":"scaffolding on HTTPServer2","x-xss-protection":"0","x-frame-options":"SAMEORIGIN","x-content-type-options":"nosniff","alt-svc":"h3=\":443\"; ma=2592000,h3-29=\":443\"; ma=2592000,h3-Q050=\":443\"; ma=2592000,h3-Q046=\":443\"; ma=2592000,h3-Q043=\":443\"; ma=2592000,quic=\":443\"; ma=2592000; v=\"46,43\"","accept-ranges":"none","transfer-encoding":"chunked"}
[debug] [2022-01-05T20:55:29.774Z] >>> HTTP REQUEST POST https://cloudresourcemanager.googleapis.com/v1/projects/preferental-60f25:testIamPermissions  
 {"permissions":["cloudfunctions.functions.create","cloudfunctions.functions.delete","cloudfunctions.functions.get","cloudfunctions.functions.list","cloudfunctions.functions.update","cloudfunctions.operations.get","firebase.projects.get"]}
[debug] [2022-01-05T20:55:32.073Z] <<< HTTP RESPONSE 200 {"content-type":"application/json; charset=UTF-8","vary":"X-Origin, Referer, Origin,Accept-Encoding","date":"Wed, 05 Jan 2022 20:55:32 GMT","server":"ESF","cache-control":"private","x-xss-protection":"0","x-frame-options":"SAMEORIGIN","x-content-type-options":"nosniff","server-timing":"gfet4t7; dur=1110","alt-svc":"h3=\":443\"; ma=2592000,h3-29=\":443\"; ma=2592000,h3-Q050=\":443\"; ma=2592000,h3-Q046=\":443\"; ma=2592000,h3-Q043=\":443\"; ma=2592000,quic=\":443\"; ma=2592000; v=\"46,43\"","accept-ranges":"none","transfer-encoding":"chunked"}
[debug] [2022-01-05T20:55:32.074Z] >>> HTTP REQUEST POST https://iam.googleapis.com/v1/projects/preferental-60f25/serviceAccounts/preferental-60f25@appspot.gserviceaccount.com:testIamPermissions  
 {"permissions":["iam.serviceAccounts.actAs"]}
